Determining if the pthread_create exist failed with the following output:
Change Dir: /cs488/shared/glfw-3.1.1/build/CMakeFiles/CMakeTmp

Run Build Command:"/usr/bin/make" "cmTryCompileExec2967251072/fast"
/usr/bin/make -f CMakeFiles/cmTryCompileExec2967251072.dir/build.make CMakeFiles/cmTryCompileExec2967251072.dir/build
make[1]: Entering directory '/cs488/shared/glfw-3.1.1/build/CMakeFiles/CMakeTmp'
/usr/bin/cmake -E cmake_progress_report /cs488/shared/glfw-3.1.1/build/CMakeFiles/CMakeTmp/CMakeFiles 1
Building C object CMakeFiles/cmTryCompileExec2967251072.dir/CheckSymbolExists.c.o
/usr/bin/cc    -o CMakeFiles/cmTryCompileExec2967251072.dir/CheckSymbolExists.c.o   -c /cs488/shared/glfw-3.1.1/build/CMakeFiles/CMakeTmp/CheckSymbolExists.c
Linking C executable cmTryCompileExec2967251072
/usr/bin/cmake -E cmake_link_script CMakeFiles/cmTryCompileExec2967251072.dir/link.txt --verbose=1
/usr/bin/cc       CMakeFiles/cmTryCompileExec2967251072.dir/CheckSymbolExists.c.o  -o cmTryCompileExec2967251072 -rdynamic 
CMakeFiles/cmTryCompileExec2967251072.dir/CheckSymbolExists.c.o: In function `main':
CheckSymbolExists.c:(.text+0x16): undefined reference to `pthread_create'
collect2: error: ld returned 1 exit status
CMakeFiles/cmTryCompileExec2967251072.dir/build.make:88: recipe for target 'cmTryCompileExec2967251072' failed
make[1]: *** [cmTryCompileExec2967251072] Error 1
make[1]: Leaving directory '/cs488/shared/glfw-3.1.1/build/CMakeFiles/CMakeTmp'
Makefile:117: recipe for target 'cmTryCompileExec2967251072/fast' failed
make: *** [cmTryCompileExec2967251072/fast] Error 2

File /cs488/shared/glfw-3.1.1/build/CMakeFiles/CMakeTmp/CheckSymbolExists.c:
/* */
#include <pthread.h>

int main(int argc, char** argv)
{
  (void)argv;
#ifndef pthread_create
  return ((int*)(&pthread_create))[argc];
#else
  (void)argc;
  return 0;
#endif
}

Determining if the function pthread_create exists in the pthreads failed with the following output:
Change Dir: /cs488/shared/glfw-3.1.1/build/CMakeFiles/CMakeTmp

Run Build Command:"/usr/bin/make" "cmTryCompileExec2070961819/fast"
/usr/bin/make -f CMakeFiles/cmTryCompileExec2070961819.dir/build.make CMakeFiles/cmTryCompileExec2070961819.dir/build
make[1]: Entering directory '/cs488/shared/glfw-3.1.1/build/CMakeFiles/CMakeTmp'
/usr/bin/cmake -E cmake_progress_report /cs488/shared/glfw-3.1.1/build/CMakeFiles/CMakeTmp/CMakeFiles 1
Building C object CMakeFiles/cmTryCompileExec2070961819.dir/CheckFunctionExists.c.o
/usr/bin/cc   -DCHECK_FUNCTION_EXISTS=pthread_create   -o CMakeFiles/cmTryCompileExec2070961819.dir/CheckFunctionExists.c.o   -c /usr/share/cmake-3.2/Modules/CheckFunctionExists.c
Linking C executable cmTryCompileExec2070961819
/usr/bin/cmake -E cmake_link_script CMakeFiles/cmTryCompileExec2070961819.dir/link.txt --verbose=1
/usr/bin/cc   -DCHECK_FUNCTION_EXISTS=pthread_create    CMakeFiles/cmTryCompileExec2070961819.dir/CheckFunctionExists.c.o  -o cmTryCompileExec2070961819 -rdynamic -lpthreads 
/usr/bin/ld: cannot find -lpthreads
collect2: error: ld returned 1 exit status
CMakeFiles/cmTryCompileExec2070961819.dir/build.make:88: recipe for target 'cmTryCompileExec2070961819' failed
make[1]: *** [cmTryCompileExec2070961819] Error 1
make[1]: Leaving directory '/cs488/shared/glfw-3.1.1/build/CMakeFiles/CMakeTmp'
Makefile:117: recipe for target 'cmTryCompileExec2070961819/fast' failed
make: *** [cmTryCompileExec2070961819/fast] Error 2


Determining if the function glXGetProcAddressEXT exists failed with the following output:
Change Dir: /cs488/shared/glfw-3.1.1/build/CMakeFiles/CMakeTmp

Run Build Command:"/usr/bin/make" "cmTryCompileExec3048111041/fast"
/usr/bin/make -f CMakeFiles/cmTryCompileExec3048111041.dir/build.make CMakeFiles/cmTryCompileExec3048111041.dir/build
make[1]: Entering directory '/cs488/shared/glfw-3.1.1/build/CMakeFiles/CMakeTmp'
/usr/bin/cmake -E cmake_progress_report /cs488/shared/glfw-3.1.1/build/CMakeFiles/CMakeTmp/CMakeFiles 1
Building C object CMakeFiles/cmTryCompileExec3048111041.dir/CheckFunctionExists.c.o
/usr/bin/cc   -DCHECK_FUNCTION_EXISTS=glXGetProcAddressEXT   -o CMakeFiles/cmTryCompileExec3048111041.dir/CheckFunctionExists.c.o   -c /usr/share/cmake-3.2/Modules/CheckFunctionExists.c
Linking C executable cmTryCompileExec3048111041
/usr/bin/cmake -E cmake_link_script CMakeFiles/cmTryCompileExec3048111041.dir/link.txt --verbose=1
/usr/bin/cc   -DCHECK_FUNCTION_EXISTS=glXGetProcAddressEXT    CMakeFiles/cmTryCompileExec3048111041.dir/CheckFunctionExists.c.o  -o cmTryCompileExec3048111041 -rdynamic -lGL 
CMakeFiles/cmTryCompileExec3048111041.dir/CheckFunctionExists.c.o: In function `main':
CheckFunctionExists.c:(.text+0x15): undefined reference to `glXGetProcAddressEXT'
collect2: error: ld returned 1 exit status
CMakeFiles/cmTryCompileExec3048111041.dir/build.make:89: recipe for target 'cmTryCompileExec3048111041' failed
make[1]: *** [cmTryCompileExec3048111041] Error 1
make[1]: Leaving directory '/cs488/shared/glfw-3.1.1/build/CMakeFiles/CMakeTmp'
Makefile:117: recipe for target 'cmTryCompileExec3048111041/fast' failed
make: *** [cmTryCompileExec3048111041/fast] Error 2


